<?xml version="1.0" encoding="UTF-8"?>
<testng-results ignored="0" total="1" passed="1" failed="0" skipped="0">
  <reporter-output>
  </reporter-output>
  <suite started-at="2020-08-30T10:12:57 IST" name="com.jenkinsDemo.org.JenkinsDemo.JenkinsDemoTest" finished-at="2020-08-30T10:12:57 IST" duration-ms="80">
    <groups>
    </groups>
    <test started-at="2020-08-30T10:12:57 IST" name="Command line test" finished-at="2020-08-30T10:12:57 IST" duration-ms="80">
      <class name="com.jenkinsDemo.org.JenkinsDemo.JenkinsDemoTest">
        <test-method signature="test()[pri:0, instance:com.jenkinsDemo.org.JenkinsDemo.JenkinsDemoTest@28ac3dc3]" started-at="2020-08-30T10:12:57 IST" name="test" finished-at="2020-08-30T10:12:57 IST" duration-ms="12" status="PASS">
          <reporter-output>
          </reporter-output>
        </test-method> <!-- test -->
      </class> <!-- com.jenkinsDemo.org.JenkinsDemo.JenkinsDemoTest -->
    </test> <!-- Command line test -->
  </suite> <!-- com.jenkinsDemo.org.JenkinsDemo.JenkinsDemoTest -->
</testng-results>
