<?xml version="1.0" encoding="UTF-8"?>
<testng-results ignored="0" total="1" passed="1" failed="0" skipped="0">
  <reporter-output>
  </reporter-output>
  <suite started-at="2020-08-29T19:07:45 IST" name="Default suite" finished-at="2020-08-29T19:07:45 IST" duration-ms="109">
    <groups>
    </groups>
    <test started-at="2020-08-29T19:07:45 IST" name="Default test" finished-at="2020-08-29T19:07:45 IST" duration-ms="109">
      <class name="com.jenkinsDemo.org.JenkinsDemo.Jenkins_1">
        <test-method signature="test()[pri:0, instance:com.jenkinsDemo.org.JenkinsDemo.Jenkins_1@3c153a1]" started-at="2020-08-29T19:07:45 IST" name="test" finished-at="2020-08-29T19:07:45 IST" duration-ms="25" status="PASS">
          <reporter-output>
          </reporter-output>
        </test-method> <!-- test -->
      </class> <!-- com.jenkinsDemo.org.JenkinsDemo.Jenkins_1 -->
    </test> <!-- Default test -->
  </suite> <!-- Default suite -->
</testng-results>
